  Building Custom Rule C:/Users/vbotnari/devel/StarClone/CMakeLists.txt
  CMake does not need to re-run because C:/Users/vbotnari/devel/StarClone/build/CMakeFiles/generate.stamp is up-to-date.
  List.cpp
  ScreenDraw.cpp
c:\users\vbotnari\devel\starclone\include\man.h(5): fatal error C1083: Cannot open include file: 'grplib/grp.h': No such file or directory
  MenuItem.cpp
c:\users\vbotnari\devel\starclone\include\mpq.h(20): fatal error C1083: Cannot open include file: 'mpqlib/StormLib.h': No such file or directory
  gener.cpp
c:\users\vbotnari\devel\starclone\src\gener.cpp(4): fatal error C1083: Cannot open include file: 'unistd.h': No such file or directory
  action.cpp
c:\users\vbotnari\devel\starclone\include\images.h(4): fatal error C1083: Cannot open include file: 'grplib/grp.h': No such file or directory
  actiondefault.cpp
c:\users\vbotnari\devel\starclone\include\man.h(5): fatal error C1083: Cannot open include file: 'grplib/grp.h': No such file or directory
  audio.cpp
c:\users\vbotnari\devel\starclone\include\mpq.h(20): fatal error C1083: Cannot open include file: 'mpqlib/StormLib.h': No such file or directory
  auxil.cpp
c:\users\vbotnari\devel\starclone\src\auxil.cpp(4): fatal error C1083: Cannot open include file: 'dirent.h': No such file or directory
  briefing.cpp
c:\users\vbotnari\devel\starclone\include\scripts.h(7): fatal error C1083: Cannot open include file: 'grplib/grp.h': No such file or directory
  commandqueue.cpp
c:\users\vbotnari\devel\starclone\include\images.h(4): fatal error C1083: Cannot open include file: 'grplib/grp.h': No such file or directory
  construct.cpp
c:\users\vbotnari\devel\starclone\src\construct.cpp(5): fatal error C1083: Cannot open include file: 'dirent.h': No such file or directory
  creep.cpp
c:\users\vbotnari\devel\starclone\include\vars.h(4): fatal error C1083: Cannot open include file: 'grplib/usegrp.h': No such file or directory
  debug.cpp
c:\users\vbotnari\devel\starclone\include\vars.h(4): fatal error C1083: Cannot open include file: 'grplib/usegrp.h': No such file or directory
  dialogbin.cpp
c:\users\vbotnari\devel\starclone\include\vars.h(4): fatal error C1083: Cannot open include file: 'grplib/usegrp.h': No such file or directory
  diap.cpp
c:\users\vbotnari\devel\starclone\src\diap.cpp(2): fatal error C1083: Cannot open include file: 'grplib/gr8.h': No such file or directory
  doodad.cpp
c:\users\vbotnari\devel\starclone\include\mpq.h(20): fatal error C1083: Cannot open include file: 'mpqlib/StormLib.h': No such file or directory
  flingy.cpp
c:\users\vbotnari\devel\starclone\include\man.h(5): fatal error C1083: Cannot open include file: 'grplib/grp.h': No such file or directory
  fog.cpp
c:\users\vbotnari\devel\starclone\src\fog.cpp(4): fatal error C1083: Cannot open include file: 'grplib/gr8.h': No such file or directory
  fonts.cpp
c:\users\vbotnari\devel\starclone\src\fonts.cpp(4): fatal error C1083: Cannot open include file: 'grplib/gr8.h': No such file or directory
  gamemenu.cpp
c:\users\vbotnari\devel\starclone\src\gamemenu.cpp(5): fatal error C1083: Cannot open include file: 'dirent.h': No such file or directory
  Generating Code...
  Compiling...
  gr.cpp
c:\users\vbotnari\devel\starclone\include\vars.h(4): fatal error C1083: Cannot open include file: 'grplib/usegrp.h': No such file or directory
  hod.cpp
  images.cpp
c:\users\vbotnari\devel\starclone\include\putobj.h(5): fatal error C1083: Cannot open include file: 'grplib/grp.h': No such file or directory
  iscript.cpp
c:\users\vbotnari\devel\starclone\include\mpq.h(20): fatal error C1083: Cannot open include file: 'mpqlib/StormLib.h': No such file or directory
  key.cpp
c:\users\vbotnari\devel\starclone\include\man.h(5): fatal error C1083: Cannot open include file: 'grplib/grp.h': No such file or directory
  lists.cpp
c:\users\vbotnari\devel\starclone\include\man.h(5): fatal error C1083: Cannot open include file: 'grplib/grp.h': No such file or directory
  load.cpp
c:\users\vbotnari\devel\starclone\src\load.cpp(4): fatal error C1083: Cannot open include file: 'grplib/usegrp.h': No such file or directory
  loadlo.cpp
c:\users\vbotnari\devel\starclone\include\mpq.h(20): fatal error C1083: Cannot open include file: 'mpqlib/StormLib.h': No such file or directory
  mage.cpp
c:\users\vbotnari\devel\starclone\src\mage.cpp(1): fatal error C1083: Cannot open include file: 'grplib/usegrp.h': No such file or directory
  man.cpp
c:\users\vbotnari\devel\starclone\include\man.h(5): fatal error C1083: Cannot open include file: 'grplib/grp.h': No such file or directory
  maps.cpp
c:\users\vbotnari\devel\starclone\src\maps.cpp(1): fatal error C1083: Cannot open include file: 'grplib/gr8.h': No such file or directory
  market.cpp
c:\users\vbotnari\devel\starclone\include\man.h(5): fatal error C1083: Cannot open include file: 'grplib/grp.h': No such file or directory
  menu.cpp
c:\users\vbotnari\devel\starclone\src\menu.cpp(4): fatal error C1083: Cannot open include file: 'grplib/gr8.h': No such file or directory
  messages.cpp
c:\users\vbotnari\devel\starclone\include\vars.h(4): fatal error C1083: Cannot open include file: 'grplib/usegrp.h': No such file or directory
  mouse.cpp
c:\users\vbotnari\devel\starclone\src\mouse.cpp(1): fatal error C1083: Cannot open include file: 'grplib/usegrp.h': No such file or directory
  mpq.cpp
c:\users\vbotnari\devel\starclone\src\mpq.cpp(2): fatal error C1083: Cannot open include file: 'grplib/grp.h': No such file or directory
  mpqwrapper.cpp
c:\users\vbotnari\devel\starclone\include\mpq.h(20): fatal error C1083: Cannot open include file: 'mpqlib/StormLib.h': No such file or directory
  music.cpp
c:\users\vbotnari\devel\starclone\include\mpq.h(20): fatal error C1083: Cannot open include file: 'mpqlib/StormLib.h': No such file or directory
  mycycle.cpp
  myfifo.cpp
  Generating Code...
  Compiling...
  mylist.cpp
c:\users\vbotnari\devel\starclone\src\mylist.cpp(50): warning C4996: 'strncpy': This function or variable may be unsafe. Consider using strncpy_s instead. To disable deprecation, use _CRT_SECURE_NO_WARNINGS. See online help for details.
  c:\program files (x86)\windows kits\10\include\10.0.17134.0\ucrt\string.h(338): note: see declaration of 'strncpy'
  mytime.cpp
c:\users\vbotnari\devel\starclone\src\mytime.cpp(3): fatal error C1083: Cannot open include file: 'grplib/gr8.h': No such file or directory
  objinfo.cpp
c:\users\vbotnari\devel\starclone\include\man.h(5): fatal error C1083: Cannot open include file: 'grplib/grp.h': No such file or directory
  objlists.cpp
  overlay.cpp
c:\users\vbotnari\devel\starclone\src\overlay.cpp(4): fatal error C1083: Cannot open include file: 'grplib/grp.h': No such file or directory
  pcx.cpp
c:\users\vbotnari\devel\starclone\src\pcx.cpp(6): fatal error C1083: Cannot open include file: 'grplib/gr8.h': No such file or directory
  player.cpp
c:\users\vbotnari\devel\starclone\include\vars.h(4): fatal error C1083: Cannot open include file: 'grplib/usegrp.h': No such file or directory
  portrait.cpp
c:\users\vbotnari\devel\starclone\include\mpq.h(20): fatal error C1083: Cannot open include file: 'mpqlib/StormLib.h': No such file or directory
  putobj.cpp
c:\users\vbotnari\devel\starclone\src\putobj.cpp(3): fatal error C1083: Cannot open include file: 'grplib/gr8.h': No such file or directory
  pylon.cpp
c:\users\vbotnari\devel\starclone\include\mpq.h(20): fatal error C1083: Cannot open include file: 'mpqlib/StormLib.h': No such file or directory
  queue.cpp
c:\users\vbotnari\devel\starclone\include\man.h(5): fatal error C1083: Cannot open include file: 'grplib/grp.h': No such file or directory
  rand.cpp
  rules.cpp
c:\users\vbotnari\devel\starclone\include\man.h(5): fatal error C1083: Cannot open include file: 'grplib/grp.h': No such file or directory
  scripts.cpp
c:\users\vbotnari\devel\starclone\src\scripts.cpp(2): fatal error C1083: Cannot open include file: 'grplib/usegrp.h': No such file or directory
  scrolltile.cpp
c:\users\vbotnari\devel\starclone\include\vars.h(4): fatal error C1083: Cannot open include file: 'grplib/usegrp.h': No such file or directory
  sigorder.cpp
c:\users\vbotnari\devel\starclone\include\man.h(5): fatal error C1083: Cannot open include file: 'grplib/grp.h': No such file or directory
  starmap.cpp
c:\users\vbotnari\devel\starclone\include\mpq.h(20): fatal error C1083: Cannot open include file: 'mpqlib/StormLib.h': No such file or directory
  stars.cpp
c:\users\vbotnari\devel\starclone\src\stars.cpp(2): fatal error C1083: Cannot open include file: 'grplib/grp.h': No such file or directory
  stringfiles.cpp
c:\users\vbotnari\devel\starclone\include\mouse.h(4): fatal error C1083: Cannot open include file: 'grplib/grp.h': No such file or directory
  tbl.cpp
c:\users\vbotnari\devel\starclone\include\mpq.h(20): fatal error C1083: Cannot open include file: 'mpqlib/StormLib.h': No such file or directory
  Generating Code...
  Compiling...
  tempobj.cpp
c:\users\vbotnari\devel\starclone\include\man.h(5): fatal error C1083: Cannot open include file: 'grplib/grp.h': No such file or directory
  triggers.cpp
c:\users\vbotnari\devel\starclone\include\man.h(5): fatal error C1083: Cannot open include file: 'grplib/grp.h': No such file or directory
  unitaction.cpp
c:\users\vbotnari\devel\starclone\include\man.h(5): fatal error C1083: Cannot open include file: 'grplib/grp.h': No such file or directory
  upgrade.cpp
c:\users\vbotnari\devel\starclone\include\vars.h(4): fatal error C1083: Cannot open include file: 'grplib/usegrp.h': No such file or directory
  vars.cpp
c:\users\vbotnari\devel\starclone\src\vars.cpp(2): fatal error C1083: Cannot open include file: 'grplib/gr8.h': No such file or directory
  video.cpp
c:\users\vbotnari\devel\starclone\src\video.cpp(5): fatal error C1083: Cannot open include file: 'grplib/grp.h': No such file or directory
  vision.cpp
c:\users\vbotnari\devel\starclone\include\vars.h(4): fatal error C1083: Cannot open include file: 'grplib/usegrp.h': No such file or directory
  walk.cpp
c:\users\vbotnari\devel\starclone\include\tbl.h(345): warning C4200: nonstandard extension used: zero-sized array in struct/union
  c:\users\vbotnari\devel\starclone\include\tbl.h(345): note: This member will be ignored by a defaulted constructor or copy/move assignment operator
c:\users\vbotnari\devel\starclone\include\vars.h(4): fatal error C1083: Cannot open include file: 'grplib/usegrp.h': No such file or directory
  weapons.cpp
c:\users\vbotnari\devel\starclone\src\weapons.cpp(6): fatal error C1083: Cannot open include file: 'grplib/grp.h': No such file or directory
  wmem.cpp
  objs.cpp
c:\users\vbotnari\devel\starclone\include\man.h(5): fatal error C1083: Cannot open include file: 'grplib/grp.h': No such file or directory
  netwgame.cpp
c:\users\vbotnari\devel\starclone\include\man.h(5): fatal error C1083: Cannot open include file: 'grplib/grp.h': No such file or directory
  network_dc.cpp
c:\users\vbotnari\devel\starclone\include\menu.h(4): fatal error C1083: Cannot open include file: 'grplib/grp.h': No such file or directory
  network_dedicated.cpp
c:\users\vbotnari\devel\starclone\include\menu.h(4): fatal error C1083: Cannot open include file: 'grplib/grp.h': No such file or directory
  network_general.cpp
c:\users\vbotnari\devel\starclone\include\network\network_general.h(4): fatal error C1083: Cannot open include file: 'arpa/inet.h': No such file or directory
  network_modem.cpp
c:\users\vbotnari\devel\starclone\include\menu.h(4): fatal error C1083: Cannot open include file: 'grplib/grp.h': No such file or directory
  network_tcp.cpp
c:\users\vbotnari\devel\starclone\include\menu.h(4): fatal error C1083: Cannot open include file: 'grplib/grp.h': No such file or directory
  network_udp.cpp
c:\users\vbotnari\devel\starclone\src\network\network_udp.cpp(5): fatal error C1083: Cannot open include file: 'arpa/inet.h': No such file or directory
  netwplay.cpp
c:\users\vbotnari\devel\starclone\include\man.h(5): fatal error C1083: Cannot open include file: 'grplib/grp.h': No such file or directory
  smacker.cpp
c:\users\vbotnari\devel\starclone\include\mpq.h(20): fatal error C1083: Cannot open include file: 'mpqlib/StormLib.h': No such file or directory
  Generating Code...
  Compiling...
  smk_bitstream.cpp
  smk_hufftree.cpp
  grsdl.cpp
c:\users\vbotnari\devel\starclone\include\vars.h(4): fatal error C1083: Cannot open include file: 'grplib/usegrp.h': No such file or directory
  audiolowlevel.cpp
c:\users\vbotnari\devel\starclone\include\mpq.h(20): fatal error C1083: Cannot open include file: 'mpqlib/StormLib.h': No such file or directory
  Generating Code...
