This file contains any messages produced by compilers while
running configure, to aid debugging if configure makes a mistake.

It was created by configure, which was
generated by GNU Autoconf 2.68.  Invocation command line was

  $ ./configure --enable-debug

## --------- ##
## Platform. ##
## --------- ##

hostname = book
uname -m = i686
uname -r = 3.6.1
uname -s = Linux
uname -v = #11 SMP Wed Dec 4 19:43:33 EET 2013

/usr/bin/uname -p = Intel(R) Pentium(R) CPU P6200 @ 2.13GHz
/bin/uname -X     = unknown

/bin/arch              = unknown
/usr/bin/arch -k       = unknown
/usr/convex/getsysinfo = unknown
/usr/bin/hostinfo      = unknown
/bin/machine           = unknown
/usr/bin/oslevel       = unknown
/bin/universe          = unknown

PATH: /usr/local/bin
PATH: /usr/bin
PATH: /bin
PATH: /opt/bin
PATH: /usr/i686-pc-linux-gnu/gcc-bin/4.6.3
PATH: /usr/games/bin


## ----------- ##
## Core tests. ##
## ----------- ##

configure:2259: checking for a BSD-compatible install
configure:2327: result: /usr/bin/install -c
configure:2338: checking whether build environment is sane
configure:2388: result: yes
configure:2529: checking for a thread-safe mkdir -p
configure:2568: result: /bin/mkdir -p
configure:2581: checking for gawk
configure:2597: found /usr/bin/gawk
configure:2608: result: gawk
configure:2619: checking whether make sets $(MAKE)
configure:2641: result: yes
configure:2781: checking for g++
configure:2797: found /usr/bin/g++
configure:2808: result: g++
configure:2835: checking for C++ compiler version
configure:2844: g++ --version >&5
g++ (Gentoo 4.6.3 p1.11, pie-0.5.2) 4.6.3
Copyright (C) 2011 Free Software Foundation, Inc.
This is free software; see the source for copying conditions.  There is NO
warranty; not even for MERCHANTABILITY or FITNESS FOR A PARTICULAR PURPOSE.

configure:2855: $? = 0
configure:2844: g++ -v >&5
Using built-in specs.
COLLECT_GCC=/usr/i686-pc-linux-gnu/gcc-bin/4.6.3/g++
COLLECT_LTO_WRAPPER=/usr/libexec/gcc/i686-pc-linux-gnu/4.6.3/lto-wrapper
Target: i686-pc-linux-gnu
Configured with: /var/tmp/portage/sys-devel/gcc-4.6.3/work/gcc-4.6.3/configure --prefix=/usr --bindir=/usr/i686-pc-linux-gnu/gcc-bin/4.6.3 --includedir=/usr/lib/gcc/i686-pc-linux-gnu/4.6.3/include --datadir=/usr/share/gcc-data/i686-pc-linux-gnu/4.6.3 --mandir=/usr/share/gcc-data/i686-pc-linux-gnu/4.6.3/man --infodir=/usr/share/gcc-data/i686-pc-linux-gnu/4.6.3/info --with-gxx-include-dir=/usr/lib/gcc/i686-pc-linux-gnu/4.6.3/include/g++-v4 --host=i686-pc-linux-gnu --build=i686-pc-linux-gnu --disable-altivec --disable-fixed-point --without-ppl --without-cloog --enable-lto --enable-nls --without-included-gettext --with-system-zlib --enable-obsolete --disable-werror --enable-secureplt --disable-multilib --enable-libmudflap --disable-libssp --enable-libgomp --with-python-dir=/share/gcc-data/i686-pc-linux-gnu/4.6.3/python --enable-checking=release --disable-libgcj --enable-libstdcxx-time --disable-libquadmath --with-arch=i686 --enable-languages=c,c++ --enable-shared --enable-threads=posix --enable-__cxa_atexit --enable-clocale=gnu --enable-targets=all --with-bugurl=http://bugs.gentoo.org/ --with-pkgversion='Gentoo 4.6.3 p1.11, pie-0.5.2'
Thread model: posix
gcc version 4.6.3 (Gentoo 4.6.3 p1.11, pie-0.5.2) 
configure:2855: $? = 0
configure:2844: g++ -V >&5
g++: error: unrecognized option '-V'
g++: fatal error: no input files
compilation terminated.
configure:2855: $? = 1
configure:2844: g++ -qversion >&5
g++: error: unrecognized option '-qversion'
g++: fatal error: no input files
compilation terminated.
configure:2855: $? = 1
configure:2875: checking whether the C++ compiler works
configure:2897: g++    conftest.cpp  >&5
configure:2901: $? = 0
configure:2949: result: yes
configure:2952: checking for C++ compiler default output file name
configure:2954: result: a.out
configure:2960: checking for suffix of executables
configure:2967: g++ -o conftest    conftest.cpp  >&5
configure:2971: $? = 0
configure:2993: result: 
configure:3015: checking whether we are cross compiling
configure:3023: g++ -o conftest    conftest.cpp  >&5
configure:3027: $? = 0
configure:3034: ./conftest
configure:3038: $? = 0
configure:3053: result: no
configure:3058: checking for suffix of object files
configure:3080: g++ -c   conftest.cpp >&5
configure:3084: $? = 0
configure:3105: result: o
configure:3109: checking whether we are using the GNU C++ compiler
configure:3128: g++ -c   conftest.cpp >&5
configure:3128: $? = 0
configure:3137: result: yes
configure:3146: checking whether g++ accepts -g
configure:3166: g++ -c -g  conftest.cpp >&5
configure:3166: $? = 0
configure:3207: result: yes
configure:3241: checking for style of include used by make
configure:3269: result: GNU
configure:3295: checking dependency style of g++
configure:3406: result: gcc3
configure:3469: checking for gcc
configure:3485: found /usr/bin/gcc
configure:3496: result: gcc
configure:3725: checking for C compiler version
configure:3734: gcc --version >&5
gcc (Gentoo 4.6.3 p1.11, pie-0.5.2) 4.6.3
Copyright (C) 2011 Free Software Foundation, Inc.
This is free software; see the source for copying conditions.  There is NO
warranty; not even for MERCHANTABILITY or FITNESS FOR A PARTICULAR PURPOSE.

configure:3745: $? = 0
configure:3734: gcc -v >&5
Using built-in specs.
COLLECT_GCC=/usr/i686-pc-linux-gnu/gcc-bin/4.6.3/gcc
COLLECT_LTO_WRAPPER=/usr/libexec/gcc/i686-pc-linux-gnu/4.6.3/lto-wrapper
Target: i686-pc-linux-gnu
Configured with: /var/tmp/portage/sys-devel/gcc-4.6.3/work/gcc-4.6.3/configure --prefix=/usr --bindir=/usr/i686-pc-linux-gnu/gcc-bin/4.6.3 --includedir=/usr/lib/gcc/i686-pc-linux-gnu/4.6.3/include --datadir=/usr/share/gcc-data/i686-pc-linux-gnu/4.6.3 --mandir=/usr/share/gcc-data/i686-pc-linux-gnu/4.6.3/man --infodir=/usr/share/gcc-data/i686-pc-linux-gnu/4.6.3/info --with-gxx-include-dir=/usr/lib/gcc/i686-pc-linux-gnu/4.6.3/include/g++-v4 --host=i686-pc-linux-gnu --build=i686-pc-linux-gnu --disable-altivec --disable-fixed-point --without-ppl --without-cloog --enable-lto --enable-nls --without-included-gettext --with-system-zlib --enable-obsolete --disable-werror --enable-secureplt --disable-multilib --enable-libmudflap --disable-libssp --enable-libgomp --with-python-dir=/share/gcc-data/i686-pc-linux-gnu/4.6.3/python --enable-checking=release --disable-libgcj --enable-libstdcxx-time --disable-libquadmath --with-arch=i686 --enable-languages=c,c++ --enable-shared --enable-threads=posix --enable-__cxa_atexit --enable-clocale=gnu --enable-targets=all --with-bugurl=http://bugs.gentoo.org/ --with-pkgversion='Gentoo 4.6.3 p1.11, pie-0.5.2'
Thread model: posix
gcc version 4.6.3 (Gentoo 4.6.3 p1.11, pie-0.5.2) 
configure:3745: $? = 0
configure:3734: gcc -V >&5
gcc: error: unrecognized option '-V'
gcc: fatal error: no input files
compilation terminated.
configure:3745: $? = 1
configure:3734: gcc -qversion >&5
gcc: error: unrecognized option '-qversion'
gcc: fatal error: no input files
compilation terminated.
configure:3745: $? = 1
configure:3749: checking whether we are using the GNU C compiler
configure:3768: gcc -c   conftest.c >&5
configure:3768: $? = 0
configure:3777: result: yes
configure:3786: checking whether gcc accepts -g
configure:3806: gcc -c -g  conftest.c >&5
configure:3806: $? = 0
configure:3847: result: yes
configure:3864: checking for gcc option to accept ISO C89
configure:3928: gcc  -c -g -O2  conftest.c >&5
configure:3928: $? = 0
configure:3941: result: none needed
configure:3963: checking dependency style of gcc
configure:4074: result: gcc3
configure:4104: checking how to run the C++ preprocessor
configure:4131: g++ -E  conftest.cpp
configure:4131: $? = 0
configure:4145: g++ -E  conftest.cpp
conftest.cpp:11:28: fatal error: ac_nonexistent.h: No such file or directory
compilation terminated.
configure:4145: $? = 1
configure: failed program was:
| /* confdefs.h */
| #define PACKAGE_NAME ""
| #define PACKAGE_TARNAME ""
| #define PACKAGE_VERSION ""
| #define PACKAGE_STRING ""
| #define PACKAGE_BUGREPORT ""
| #define PACKAGE_URL ""
| #define PACKAGE "StarClone"
| #define VERSION "0.2.2"
| /* end confdefs.h.  */
| #include <ac_nonexistent.h>
configure:4170: result: g++ -E
configure:4190: g++ -E  conftest.cpp
configure:4190: $? = 0
configure:4204: g++ -E  conftest.cpp
conftest.cpp:11:28: fatal error: ac_nonexistent.h: No such file or directory
compilation terminated.
configure:4204: $? = 1
configure: failed program was:
| /* confdefs.h */
| #define PACKAGE_NAME ""
| #define PACKAGE_TARNAME ""
| #define PACKAGE_VERSION ""
| #define PACKAGE_STRING ""
| #define PACKAGE_BUGREPORT ""
| #define PACKAGE_URL ""
| #define PACKAGE "StarClone"
| #define VERSION "0.2.2"
| /* end confdefs.h.  */
| #include <ac_nonexistent.h>
configure:4233: checking for grep that handles long lines and -e
configure:4291: result: /bin/grep
configure:4296: checking for egrep
configure:4358: result: /bin/grep -E
configure:4363: checking for ANSI C header files
configure:4383: g++ -c -g -O2  conftest.cpp >&5
configure:4383: $? = 0
configure:4456: g++ -o conftest -g -O2   conftest.cpp  >&5
configure:4456: $? = 0
configure:4456: ./conftest
configure:4456: $? = 0
configure:4467: result: yes
configure:4522: checking for main in -lstdc++
configure:4541: g++ -o conftest -g -O2   conftest.cpp -lstdc++   >&5
configure:4541: $? = 0
configure:4550: result: yes
configure:4597: checking for sys/types.h
configure:4597: g++ -c -g -O2  conftest.cpp >&5
configure:4597: $? = 0
configure:4597: result: yes
configure:4597: checking for sys/stat.h
configure:4597: g++ -c -g -O2  conftest.cpp >&5
configure:4597: $? = 0
configure:4597: result: yes
configure:4597: checking for stdlib.h
configure:4597: g++ -c -g -O2  conftest.cpp >&5
configure:4597: $? = 0
configure:4597: result: yes
configure:4597: checking for string.h
configure:4597: g++ -c -g -O2  conftest.cpp >&5
configure:4597: $? = 0
configure:4597: result: yes
configure:4597: checking for memory.h
configure:4597: g++ -c -g -O2  conftest.cpp >&5
configure:4597: $? = 0
configure:4597: result: yes
configure:4597: checking for strings.h
configure:4597: g++ -c -g -O2  conftest.cpp >&5
configure:4597: $? = 0
configure:4597: result: yes
configure:4597: checking for inttypes.h
configure:4597: g++ -c -g -O2  conftest.cpp >&5
configure:4597: $? = 0
configure:4597: result: yes
configure:4597: checking for stdint.h
configure:4597: g++ -c -g -O2  conftest.cpp >&5
configure:4597: $? = 0
configure:4597: result: yes
configure:4597: checking for unistd.h
configure:4597: g++ -c -g -O2  conftest.cpp >&5
configure:4597: $? = 0
configure:4597: result: yes
configure:4613: checking size of void *
configure:4618: g++ -o conftest -g -O2   conftest.cpp  >&5
configure:4618: $? = 0
configure:4618: ./conftest
configure:4618: $? = 0
configure:4632: result: 4
configure:4671: g++ -o conftest -g -O2   conftest.cpp  -lz >&5
configure:4671: $? = 0
configure:4715: g++ -o conftest -g -O2   conftest.cpp  -lrt >&5
conftest.cpp:27:30: warning: extra tokens at end of #ifdef directive [enabled by default]
configure:4715: $? = 0
configure:4748: g++ -o conftest -g -O2   conftest.cpp  -lgrp >&5
configure:4748: $? = 0
configure:4791: g++ -o conftest -g -O2   conftest.cpp  -lmpq -lz >&5
configure:4791: $? = 0
configure:4840: g++ -o conftest -g -O2   conftest.cpp  -lStorm >&5
conftest.cpp:25:33: fatal error: StormLib/StormLib.h: No such file or directory
compilation terminated.
configure:4840: $? = 1
configure: failed program was:
| /* confdefs.h */
| #define PACKAGE_NAME ""
| #define PACKAGE_TARNAME ""
| #define PACKAGE_VERSION ""
| #define PACKAGE_STRING ""
| #define PACKAGE_BUGREPORT ""
| #define PACKAGE_URL ""
| #define PACKAGE "StarClone"
| #define VERSION "0.2.2"
| #define STDC_HEADERS 1
| #define HAVE_SYS_TYPES_H 1
| #define HAVE_SYS_STAT_H 1
| #define HAVE_STDLIB_H 1
| #define HAVE_STRING_H 1
| #define HAVE_MEMORY_H 1
| #define HAVE_STRINGS_H 1
| #define HAVE_INTTYPES_H 1
| #define HAVE_STDINT_H 1
| #define HAVE_UNISTD_H 1
| #define SIZEOF_VOID_P 4
| /* end confdefs.h.  */
| 
| 	        #include <stdio.h>
| 	        #include <stdlib.h>
| 		#include <StormLib/StormLib.h>
| 	        int main(void){
| 		    printf("%01u%02u%02u",STORMLIB_VERSION/256,STORMLIB_VERSION%256,0);
| 		    exit(0);
| 	        }
| 
configure:4897: g++ -o conftest -g -O2   conftest.cpp  -lSDL >&5
configure:4897: $? = 0
configure:4937: g++ -o conftest -g -O2   conftest.cpp  -lSDL_mixer >&5
configure:4937: $? = 0
configure:5267: creating ./config.status

## ---------------------- ##
## Running config.status. ##
## ---------------------- ##

This file was extended by config.status, which was
generated by GNU Autoconf 2.68.  Invocation command line was

  CONFIG_FILES    = 
  CONFIG_HEADERS  = 
  CONFIG_LINKS    = 
  CONFIG_COMMANDS = 
  $ ./config.status 

on book

config.status:812: creating Makefile
config.status:984: executing depfiles commands

## ---------------- ##
## Cache variables. ##
## ---------------- ##

ac_cv_c_compiler_gnu=yes
ac_cv_cxx_compiler_gnu=yes
ac_cv_env_CCC_set=
ac_cv_env_CCC_value=
ac_cv_env_CC_set=
ac_cv_env_CC_value=
ac_cv_env_CFLAGS_set=
ac_cv_env_CFLAGS_value=
ac_cv_env_CPPFLAGS_set=
ac_cv_env_CPPFLAGS_value=
ac_cv_env_CXXCPP_set=
ac_cv_env_CXXCPP_value=
ac_cv_env_CXXFLAGS_set=
ac_cv_env_CXXFLAGS_value=
ac_cv_env_CXX_set=
ac_cv_env_CXX_value=
ac_cv_env_LDFLAGS_set=
ac_cv_env_LDFLAGS_value=
ac_cv_env_LIBS_set=
ac_cv_env_LIBS_value=
ac_cv_env_build_alias_set=
ac_cv_env_build_alias_value=
ac_cv_env_host_alias_set=
ac_cv_env_host_alias_value=
ac_cv_env_target_alias_set=
ac_cv_env_target_alias_value=
ac_cv_header_inttypes_h=yes
ac_cv_header_memory_h=yes
ac_cv_header_stdc=yes
ac_cv_header_stdint_h=yes
ac_cv_header_stdlib_h=yes
ac_cv_header_string_h=yes
ac_cv_header_strings_h=yes
ac_cv_header_sys_stat_h=yes
ac_cv_header_sys_types_h=yes
ac_cv_header_unistd_h=yes
ac_cv_lib_stdcpp_main=yes
ac_cv_objext=o
ac_cv_path_EGREP='/bin/grep -E'
ac_cv_path_GREP=/bin/grep
ac_cv_path_install='/usr/bin/install -c'
ac_cv_path_mkdir=/bin/mkdir
ac_cv_prog_AWK=gawk
ac_cv_prog_CXXCPP='g++ -E'
ac_cv_prog_ac_ct_CC=gcc
ac_cv_prog_ac_ct_CXX=g++
ac_cv_prog_cc_c89=
ac_cv_prog_cc_g=yes
ac_cv_prog_cxx_g=yes
ac_cv_prog_make_make_set=yes
ac_cv_sizeof_void_p=4
am_cv_CC_dependencies_compiler_type=gcc3
am_cv_CXX_dependencies_compiler_type=gcc3

## ----------------- ##
## Output variables. ##
## ----------------- ##

ACLOCAL='${SHELL} /home/vasya/devel/StarClone/missing --run aclocal-1.11'
AMDEPBACKSLASH='\'
AMDEP_FALSE='#'
AMDEP_TRUE=''
AMTAR='$${TAR-tar}'
AUTOCONF='${SHELL} /home/vasya/devel/StarClone/missing --run autoconf'
AUTOHEADER='${SHELL} /home/vasya/devel/StarClone/missing --run autoheader'
AUTOMAKE='${SHELL} /home/vasya/devel/StarClone/missing --run automake-1.11'
AWK='gawk'
CC='gcc'
CCDEPMODE='depmode=gcc3'
CFLAGS='-g -O2'
CPPFLAGS=''
CXX='g++'
CXXCPP='g++ -E'
CXXDEPMODE='depmode=gcc3'
CXXFLAGS='-g -O2'
CYGPATH_W='echo'
DEFS='-DPACKAGE_NAME=\"\" -DPACKAGE_TARNAME=\"\" -DPACKAGE_VERSION=\"\" -DPACKAGE_STRING=\"\" -DPACKAGE_BUGREPORT=\"\" -DPACKAGE_URL=\"\" -DPACKAGE=\"StarClone\" -DVERSION=\"0.2.2\" -DSTDC_HEADERS=1 -DHAVE_SYS_TYPES_H=1 -DHAVE_SYS_STAT_H=1 -DHAVE_STDLIB_H=1 -DHAVE_STRING_H=1 -DHAVE_MEMORY_H=1 -DHAVE_STRINGS_H=1 -DHAVE_INTTYPES_H=1 -DHAVE_STDINT_H=1 -DHAVE_UNISTD_H=1 -DSIZEOF_VOID_P=4'
DEPDIR='.deps'
ECHO_C=''
ECHO_N='-n'
ECHO_T=''
EGREP='/bin/grep -E'
EXEEXT=''
GREP='/bin/grep'
HAVE64_FALSE=''
HAVE64_TRUE='#'
HAVECPP_FALSE='#'
HAVECPP_TRUE=''
HAVEDEBUG_FALSE='#'
HAVEDEBUG_TRUE=''
HAVEGRPLIB_FALSE='#'
HAVEGRPLIB_TRUE=''
HAVEMPQLIB_FALSE='#'
HAVEMPQLIB_TRUE=''
HAVERT_FALSE='#'
HAVERT_TRUE=''
HAVESDLLIB_FALSE='#'
HAVESDLLIB_TRUE=''
HAVESDLMIXERLIB_FALSE='#'
HAVESDLMIXERLIB_TRUE=''
HAVESTORMLIB_FALSE=''
HAVESTORMLIB_TRUE='#'
HAVEWARNING_FALSE=''
HAVEWARNING_TRUE='#'
HAVEZLIB_FALSE='#'
HAVEZLIB_TRUE=''
INSTALL_DATA='${INSTALL} -m 644'
INSTALL_PROGRAM='${INSTALL}'
INSTALL_SCRIPT='${INSTALL}'
INSTALL_STRIP_PROGRAM='$(install_sh) -c -s'
LDFLAGS=''
LIBOBJS=''
LIBS=''
LTLIBOBJS=''
MAKEINFO='${SHELL} /home/vasya/devel/StarClone/missing --run makeinfo'
MKDIR_P='/bin/mkdir -p'
OBJEXT='o'
PACKAGE='StarClone'
PACKAGE_BUGREPORT=''
PACKAGE_NAME=''
PACKAGE_STRING=''
PACKAGE_TARNAME=''
PACKAGE_URL=''
PACKAGE_VERSION=''
PATH_SEPARATOR=':'
SET_MAKE=''
SHELL='/bin/sh'
STRIP=''
VERSION='0.2.2'
ac_ct_CC='gcc'
ac_ct_CXX='g++'
am__EXEEXT_FALSE=''
am__EXEEXT_TRUE='#'
am__fastdepCC_FALSE='#'
am__fastdepCC_TRUE=''
am__fastdepCXX_FALSE='#'
am__fastdepCXX_TRUE=''
am__include='include'
am__isrc=''
am__leading_dot='.'
am__nodep='_no'
am__quote=''
am__tar='$${TAR-tar} chof - "$$tardir"'
am__untar='$${TAR-tar} xf -'
bindir='${exec_prefix}/bin'
build_alias=''
datadir='${datarootdir}'
datarootdir='${prefix}/share'
docdir='${datarootdir}/doc/${PACKAGE}'
dvidir='${docdir}'
exec_prefix='${prefix}'
host_alias=''
htmldir='${docdir}'
includedir='${prefix}/include'
infodir='${datarootdir}/info'
install_sh='${SHELL} /home/vasya/devel/StarClone/install-sh'
libdir='${exec_prefix}/lib'
libexecdir='${exec_prefix}/libexec'
localedir='${datarootdir}/locale'
localstatedir='${prefix}/var'
mandir='${datarootdir}/man'
mkdir_p='/bin/mkdir -p'
oldincludedir='/usr/include'
pdfdir='${docdir}'
prefix='/usr/local'
program_transform_name='s,x,x,'
psdir='${docdir}'
sbindir='${exec_prefix}/sbin'
sharedstatedir='${prefix}/com'
sysconfdir='${prefix}/etc'
target_alias=''

## ----------- ##
## confdefs.h. ##
## ----------- ##

/* confdefs.h */
#define PACKAGE_NAME ""
#define PACKAGE_TARNAME ""
#define PACKAGE_VERSION ""
#define PACKAGE_STRING ""
#define PACKAGE_BUGREPORT ""
#define PACKAGE_URL ""
#define PACKAGE "StarClone"
#define VERSION "0.2.2"
#define STDC_HEADERS 1
#define HAVE_SYS_TYPES_H 1
#define HAVE_SYS_STAT_H 1
#define HAVE_STDLIB_H 1
#define HAVE_STRING_H 1
#define HAVE_MEMORY_H 1
#define HAVE_STRINGS_H 1
#define HAVE_INTTYPES_H 1
#define HAVE_STDINT_H 1
#define HAVE_UNISTD_H 1
#define SIZEOF_VOID_P 4

configure: exit 0
